<?xml version="1.0" encoding="UTF-8"?>
<!-- Generated by org.testng.reporters.JUnitReportReporter -->
<testsuite skipped="0" hostname="Mansurs-MacBook-Air.local" name="hrm.radioButtons" tests="1" failures="0" timestamp="27 Apr 2018 04:32:04 GMT" time="0.191" errors="0">
  <testcase name="radiobtn" time="0.191" classname="hrm.radioButtons"/>
</testsuite> <!-- hrm.radioButtons -->
