<?xml version="1.0" encoding="UTF-8"?>
<!-- Generated by org.testng.reporters.JUnitReportReporter -->
<testsuite skipped="0" hostname="DESKTOP-EDN5UQK" name="hrm.windowHandlers" tests="1" failures="0" timestamp="21 Mar 2018 01:49:14 GMT" time="3.284" errors="0">
  <testcase name="handlersMathod" time="3.284" classname="hrm.windowHandlers"/>
</testsuite> <!-- hrm.windowHandlers -->
