<?xml version="1.0" encoding="UTF-8"?>
<!-- Generated by org.testng.reporters.JUnitReportReporter -->
<testsuite skipped="0" hostname="DESKTOP-EDN5UQK" name="hrm.radioButtons" tests="1" failures="0" timestamp="22 Mar 2018 19:14:29 GMT" time="0.295" errors="0">
  <testcase name="radiobtn" time="0.295" classname="hrm.radioButtons"/>
</testsuite> <!-- hrm.radioButtons -->
