<?xml version="1.0" encoding="UTF-8"?>
<!-- Generated by org.testng.reporters.JUnitReportReporter -->
<testsuite skipped="0" hostname="DESKTOP-EDN5UQK" name="hrm.calendar" tests="1" failures="0" timestamp="29 Mar 2018 22:25:04 GMT" time="2.785" errors="0">
  <testcase name="validatecalendar" time="2.785" classname="hrm.calendar"/>
</testsuite> <!-- hrm.calendar -->
