<?xml version="1.0" encoding="UTF-8"?>
<!-- Generated by org.testng.reporters.JUnitReportReporter -->
<testsuite skipped="0" hostname="DESKTOP-EDN5UQK" name="hrm.actionsMethods" tests="1" failures="0" timestamp="21 Mar 2018 01:49:14 GMT" time="1.013" errors="0">
  <testcase name="validateActions" time="1.013" classname="hrm.actionsMethods"/>
</testsuite> <!-- hrm.actionsMethods -->
