<?xml version="1.0" encoding="UTF-8"?>
<!-- Generated by org.testng.reporters.JUnitReportReporter -->
<testsuite skipped="0" hostname="DESKTOP-EDN5UQK" name="hrm.frames" tests="1" failures="0" timestamp="22 Mar 2018 19:14:29 GMT" time="0.332" errors="0">
  <testcase name="handleFrames" time="0.332" classname="hrm.frames"/>
</testsuite> <!-- hrm.frames -->
