<?xml version="1.0" encoding="UTF-8"?>
<!-- Generated by org.testng.reporters.JUnitReportReporter -->
<testsuite skipped="0" hostname="DESKTOP-EDN5UQK" name="hrm.userCheckBox" tests="1" failures="0" timestamp="22 Mar 2018 19:14:29 GMT" time="10.222" errors="0">
  <testcase name="checkBoxes" time="10.222" classname="hrm.userCheckBox"/>
</testsuite> <!-- hrm.userCheckBox -->
