<?xml version="1.0" encoding="UTF-8"?>
<!-- Generated by org.testng.reporters.JUnitReportReporter -->
<testsuite skipped="0" hostname="DESKTOP-EDN5UQK" name="hrm.webElement" tests="1" failures="0" timestamp="21 Mar 2018 01:49:14 GMT" time="1.056" errors="0">
  <testcase name="validateWebElement" time="1.056" classname="hrm.webElement"/>
</testsuite> <!-- hrm.webElement -->
