<?xml version="1.0" encoding="UTF-8"?>
<!-- Generated by org.testng.reporters.JUnitReportReporter -->
<testsuite skipped="0" hostname="DESKTOP-EDN5UQK" name="hrm.webElement" tests="1" failures="0" timestamp="22 Mar 2018 19:14:29 GMT" time="0.721" errors="0">
  <testcase name="validateWebElement" time="0.721" classname="hrm.webElement"/>
</testsuite> <!-- hrm.webElement -->
