<?xml version="1.0" encoding="UTF-8"?>
<!-- Generated by org.testng.reporters.JUnitReportReporter -->
<testsuite skipped="0" hostname="DESKTOP-EDN5UQK" name="hrm.linksHandlong" tests="1" failures="0" timestamp="23 Mar 2018 04:20:01 GMT" time="9.506" errors="0">
  <testcase name="handleLink" time="9.506" classname="hrm.linksHandlong"/>
</testsuite> <!-- hrm.linksHandlong -->
