<?xml version="1.0" encoding="UTF-8"?>
<!-- Generated by org.testng.reporters.JUnitReportReporter -->
<testsuite skipped="0" hostname="DESKTOP-EDN5UQK" name="hrm.loginPage" tests="6" failures="0" timestamp="21 Mar 2018 01:49:14 GMT" time="40.634" errors="0">
  <testcase name="NegLogIn" time="6.978" classname="hrm.loginPage"/>
  <testcase name="EmptyUserPassword" time="5.834" classname="hrm.loginPage"/>
  <testcase name="EmptyUserNameUserPassword" time="5.889" classname="hrm.loginPage"/>
  <testcase name="EmptyUserName" time="6.669" classname="hrm.loginPage"/>
  <testcase name="NegLogIn" time="6.310" classname="hrm.loginPage"/>
  <testcase name="loginLogout" time="8.954" classname="hrm.loginPage"/>
</testsuite> <!-- hrm.loginPage -->
