<?xml version="1.0" encoding="UTF-8"?>
<!-- Generated by org.testng.reporters.JUnitReportReporter -->
<testsuite skipped="0" hostname="DESKTOP-EDN5UQK" name="hrm.calendars" tests="1" failures="0" timestamp="27 Mar 2018 23:15:40 GMT" time="11.336" errors="0">
  <testcase name="handleCalendars" time="11.336" classname="hrm.calendars"/>
</testsuite> <!-- hrm.calendars -->
