<?xml version="1.0" encoding="UTF-8"?>
<!-- Generated by org.testng.reporters.JUnitReportReporter -->
<testsuite skipped="0" hostname="DESKTOP-EDN5UQK" name="hrm.calendars" tests="1" failures="0" timestamp="25 Mar 2018 02:39:21 GMT" time="13.292" errors="0">
  <testcase name="handleCalendars" time="13.292" classname="hrm.calendars"/>
</testsuite> <!-- hrm.calendars -->
