<?xml version="1.0" encoding="UTF-8"?>
<!-- Generated by org.testng.reporters.JUnitReportReporter -->
<testsuite skipped="0" hostname="DESKTOP-EDN5UQK" name="hrm.link" tests="1" failures="0" timestamp="25 Mar 2018 18:34:18 GMT" time="11.355" errors="0">
  <testcase name="validate" time="11.355" classname="hrm.link"/>
</testsuite> <!-- hrm.link -->
