<?xml version="1.0" encoding="UTF-8"?>
<!-- Generated by org.testng.reporters.JUnitReportReporter -->
<testsuite skipped="0" hostname="DESKTOP-EDN5UQK" name="hrm.dynamicDropdowns" tests="1" failures="0" timestamp="03 Apr 2018 00:30:34 GMT" time="0.679" errors="0">
  <testcase name="jsExecutor" time="0.679" classname="hrm.dynamicDropdowns"/>
</testsuite> <!-- hrm.dynamicDropdowns -->
