<?xml version="1.0" encoding="UTF-8"?>
<!-- Generated by org.testng.reporters.JUnitReportReporter -->
<testsuite skipped="0" hostname="DESKTOP-EDN5UQK" name="hrm.dinamicDropdowns" tests="1" failures="0" timestamp="22 Mar 2018 19:14:29 GMT" time="9.770" errors="0">
  <testcase name="HandlingdinamicDropdowns" time="9.770" classname="hrm.dinamicDropdowns"/>
</testsuite> <!-- hrm.dinamicDropdowns -->
