<?xml version="1.0" encoding="UTF-8"?>
<!-- Generated by org.testng.reporters.JUnitReportReporter -->
<testsuite skipped="0" hostname="DESKTOP-EDN5UQK" name="hrm.loginPage" tests="6" failures="0" timestamp="22 Mar 2018 19:14:29 GMT" time="39.990" errors="0">
  <testcase name="EmptyUserNameUserPassword" time="6.028" classname="hrm.loginPage"/>
  <testcase name="EmptyUserName" time="6.011" classname="hrm.loginPage"/>
  <testcase name="loginLogout" time="8.721" classname="hrm.loginPage"/>
  <testcase name="EmptyUserPassword" time="6.253" classname="hrm.loginPage"/>
  <testcase name="NegLogIn" time="6.950" classname="hrm.loginPage"/>
  <testcase name="NegLogIn" time="6.027" classname="hrm.loginPage"/>
</testsuite> <!-- hrm.loginPage -->
