<?xml version="1.0" encoding="UTF-8"?>
<!-- Generated by org.testng.reporters.JUnitReportReporter -->
<testsuite skipped="0" hostname="DESKTOP-EDN5UQK" name="hrm.homePage" tests="2" failures="0" timestamp="22 Mar 2018 19:14:29 GMT" time="15.944" errors="0">
  <testcase name="verifyhomePageBar" time="8.016" classname="hrm.homePage"/>
  <testcase name="StaticDropdowns" time="7.928" classname="hrm.homePage"/>
</testsuite> <!-- hrm.homePage -->
