<?xml version="1.0" encoding="UTF-8"?>
<!-- Generated by org.testng.reporters.JUnitReportReporter -->
<testsuite skipped="0" hostname="Mansurs-MacBook-Air.local" name="hrm.dinamicDropdowns" tests="1" failures="0" timestamp="27 Apr 2018 04:37:57 GMT" time="7.115" errors="0">
  <testcase name="HandlingdinamicDropdowns" time="7.115" classname="hrm.dinamicDropdowns"/>
</testsuite> <!-- hrm.dinamicDropdowns -->
